<?xml version="1.0" encoding="UTF-8"?>
<!-- Generated by org.testng.reporters.JUnitReportReporter -->
<testsuite skipped="0" hostname="DESKTOP-GJIL86Q" name="com.java.practice.TC1" tests="4" failures="0" timestamp="08 Sep 2019 12:53:05 GMT" time="0.011" errors="0">
  <testcase name="m2" time="0.002" classname="com.java.practice.TC1"/>
  <testcase name="m4" time="0.002" classname="com.java.practice.TC1"/>
  <testcase name="m3" time="0.002" classname="com.java.practice.TC1"/>
  <testcase name="m1" time="0.005" classname="com.java.practice.TC1"/>
</testsuite> <!-- com.java.practice.TC1 -->
